#
# There is insufficient memory for the Java Runtime Environment to continue.
# Native memory allocation (malloc) failed to allocate 127616 bytes for Chunk::new
# Possible reasons:
#   The system is out of physical RAM or swap space
#   The process is running with CompressedOops enabled, and the Java Heap may be blocking the growth of the native heap
# Possible solutions:
#   Reduce memory load on the system
#   Increase physical memory or swap space
#   Check if swap backing store is full
#   Decrease Java heap size (-Xmx/-Xms)
#   Decrease number of Java threads
#   Decrease Java thread stack sizes (-Xss)
#   Set larger code cache with -XX:ReservedCodeCacheSize=
#   JVM is running with Unscaled Compressed Oops mode in which the Java heap is
#     placed in the first 4GB address space. The Java Heap base address is the
#     maximum limit for the native heap growth. Please use -XX:HeapBaseMinAddress
#     to set the Java Heap base and to place the Java Heap above 4GB virtual address.
# This output file may be truncated or incomplete.
#
#  Out of Memory Error (arena.cpp:168), pid=5264, tid=13384
#
# JRE version: Java(TM) SE Runtime Environment (21.0.2+13) (build 21.0.2+13-LTS-58)
# Java VM: Java HotSpot(TM) 64-Bit Server VM (21.0.2+13-LTS-58, mixed mode, sharing, tiered, compressed oops, compressed class ptrs, g1 gc, windows-amd64)
# No core dump will be written. Minidumps are not enabled by default on client versions of Windows
#

---------------  S U M M A R Y ------------

Command Line: -javaagent:C:\Program Files\JetBrains\IntelliJ IDEA Community Edition 2023.3.3\lib\idea_rt.jar=57570:C:\Program Files\JetBrains\IntelliJ IDEA Community Edition 2023.3.3\bin -Dfile.encoding=UTF-8 -Dsun.stdout.encoding=UTF-8 -Dsun.stderr.encoding=UTF-8 com.devsukran.rentacar.RentacarApplication

Host: Intel(R) Core(TM) i5-8265U CPU @ 1.60GHz, 8 cores, 7G,  Windows 11 , 64 bit Build 22621 (10.0.22621.3672)
Time: Mon Aug  5 15:44:10 2024 Türkiye Standart Saati elapsed time: 182.776863 seconds (0d 0h 3m 2s)

---------------  T H R E A D  ---------------

Current thread (0x00000210ac5c30d0):  JavaThread "C2 CompilerThread0" daemon [_thread_in_native, id=13384, stack(0x0000005b28400000,0x0000005b28500000) (1024K)]


Current CompileTask:
C2: 182776 6143       4       org.springframework.boot.devtools.filewatch.FileSnapshot::<init> (64 bytes)

Stack: [0x0000005b28400000,0x0000005b28500000]
Native frames: (J=compiled Java code, j=interpreted, Vv=VM code, C=native code)
V  [jvm.dll+0x6cade9]
V  [jvm.dll+0x8569c1]
V  [jvm.dll+0x858d2e]
V  [jvm.dll+0x859413]
V  [jvm.dll+0x280e56]
V  [jvm.dll+0xc3f3d]
V  [jvm.dll+0xc4473]
V  [jvm.dll+0x3b5c2c]
V  [jvm.dll+0x1e2013]
V  [jvm.dll+0x249d22]
V  [jvm.dll+0x2491b1]
V  [jvm.dll+0x1c9634]
V  [jvm.dll+0x258859]
V  [jvm.dll+0x256e3a]
V  [jvm.dll+0x3ef6c6]
V  [jvm.dll+0x7ff568]
V  [jvm.dll+0x6c953d]
C  [ucrtbase.dll+0x29333]
C  [KERNEL32.DLL+0x1257d]
C  [ntdll.dll+0x5af28]


---------------  P R O C E S S  ---------------

Threads class SMR info:
_java_thread_list=0x00000210f3906b50, length=31, elements={
0x00000210ac5b7e00, 0x00000210ac5b8a60, 0x00000210ac5ba1f0, 0x00000210ac5bae50,
0x00000210ac5bd8c0, 0x00000210ac5be320, 0x00000210ac5c30d0, 0x00000210ac5c3b70,
0x00000210ac57fba0, 0x00000210acadc3b0, 0x00000210acadca20, 0x00000210f39e7660,
0x00000210f40eedb0, 0x00000210f3e86b80, 0x00000210f461b910, 0x00000210f461b280,
0x00000210f461bfa0, 0x00000210f4619ed0, 0x00000210f461a560, 0x00000210f461abf0,
0x00000210f732e2d0, 0x00000210f732bb70, 0x00000210f7328d80, 0x00000210f732a7c0,
0x00000210f732ae50, 0x00000210f732b4e0, 0x00000210f7329410, 0x00000210f732dc40,
0x00000210f732c200, 0x00000210f732c890, 0x00000210f732cf20
}

Java Threads: ( => current thread )
  0x00000210ac5b7e00 JavaThread "Reference Handler"          daemon [_thread_blocked, id=30084, stack(0x0000005b27e00000,0x0000005b27f00000) (1024K)]
  0x00000210ac5b8a60 JavaThread "Finalizer"                  daemon [_thread_blocked, id=20860, stack(0x0000005b27f00000,0x0000005b28000000) (1024K)]
  0x00000210ac5ba1f0 JavaThread "Signal Dispatcher"          daemon [_thread_blocked, id=28292, stack(0x0000005b28000000,0x0000005b28100000) (1024K)]
  0x00000210ac5bae50 JavaThread "Attach Listener"            daemon [_thread_blocked, id=27276, stack(0x0000005b28100000,0x0000005b28200000) (1024K)]
  0x00000210ac5bd8c0 JavaThread "Service Thread"             daemon [_thread_blocked, id=32172, stack(0x0000005b28200000,0x0000005b28300000) (1024K)]
  0x00000210ac5be320 JavaThread "Monitor Deflation Thread"   daemon [_thread_blocked, id=16152, stack(0x0000005b28300000,0x0000005b28400000) (1024K)]
=>0x00000210ac5c30d0 JavaThread "C2 CompilerThread0"         daemon [_thread_in_native, id=13384, stack(0x0000005b28400000,0x0000005b28500000) (1024K)]
  0x00000210ac5c3b70 JavaThread "C1 CompilerThread0"         daemon [_thread_blocked, id=19500, stack(0x0000005b28500000,0x0000005b28600000) (1024K)]
  0x00000210ac57fba0 JavaThread "Common-Cleaner"             daemon [_thread_blocked, id=30736, stack(0x0000005b28600000,0x0000005b28700000) (1024K)]
  0x00000210acadc3b0 JavaThread "Monitor Ctrl-Break"         daemon [_thread_in_native, id=17768, stack(0x0000005b28700000,0x0000005b28800000) (1024K)]
  0x00000210acadca20 JavaThread "Notification Thread"        daemon [_thread_blocked, id=33072, stack(0x0000005b28800000,0x0000005b28900000) (1024K)]
  0x00000210f39e7660 JavaThread "Catalina-utility-1"                [_thread_blocked, id=11360, stack(0x0000005b29300000,0x0000005b29400000) (1024K)]
  0x00000210f40eedb0 JavaThread "Catalina-utility-2"                [_thread_blocked, id=17548, stack(0x0000005b29400000,0x0000005b29500000) (1024K)]
  0x00000210f3e86b80 JavaThread "container-0"                       [_thread_blocked, id=11896, stack(0x0000005b29500000,0x0000005b29600000) (1024K)]
  0x00000210f461b910 JavaThread "PostgreSQL-JDBC-Cleaner"    daemon [_thread_blocked, id=33460, stack(0x0000005b29700000,0x0000005b29800000) (1024K)]
  0x00000210f461b280 JavaThread "HikariPool-1 housekeeper"   daemon [_thread_blocked, id=31464, stack(0x0000005b29800000,0x0000005b29900000) (1024K)]
  0x00000210f461bfa0 JavaThread "File Watcher"               daemon [_thread_blocked, id=26676, stack(0x0000005b29a00000,0x0000005b29b00000) (1024K)]
  0x00000210f4619ed0 JavaThread "Live Reload Server"         daemon [_thread_in_native, id=34600, stack(0x0000005b29c00000,0x0000005b29d00000) (1024K)]
  0x00000210f461a560 JavaThread "http-nio-8082-exec-1"       daemon [_thread_blocked, id=34732, stack(0x0000005b29b00000,0x0000005b29c00000) (1024K)]
  0x00000210f461abf0 JavaThread "http-nio-8082-exec-2"       daemon [_thread_blocked, id=5108, stack(0x0000005b29d00000,0x0000005b29e00000) (1024K)]
  0x00000210f732e2d0 JavaThread "http-nio-8082-exec-3"       daemon [_thread_blocked, id=25440, stack(0x0000005b29e00000,0x0000005b29f00000) (1024K)]
  0x00000210f732bb70 JavaThread "http-nio-8082-exec-4"       daemon [_thread_blocked, id=18992, stack(0x0000005b29f00000,0x0000005b2a000000) (1024K)]
  0x00000210f7328d80 JavaThread "http-nio-8082-exec-5"       daemon [_thread_blocked, id=13244, stack(0x0000005b2a000000,0x0000005b2a100000) (1024K)]
  0x00000210f732a7c0 JavaThread "http-nio-8082-exec-6"       daemon [_thread_blocked, id=24464, stack(0x0000005b2a100000,0x0000005b2a200000) (1024K)]
  0x00000210f732ae50 JavaThread "http-nio-8082-exec-7"       daemon [_thread_blocked, id=33908, stack(0x0000005b2a200000,0x0000005b2a300000) (1024K)]
  0x00000210f732b4e0 JavaThread "http-nio-8082-exec-8"       daemon [_thread_blocked, id=31028, stack(0x0000005b2a300000,0x0000005b2a400000) (1024K)]
  0x00000210f7329410 JavaThread "http-nio-8082-exec-9"       daemon [_thread_blocked, id=28972, stack(0x0000005b2a400000,0x0000005b2a500000) (1024K)]
  0x00000210f732dc40 JavaThread "http-nio-8082-exec-10"      daemon [_thread_blocked, id=19636, stack(0x0000005b2a500000,0x0000005b2a600000) (1024K)]
  0x00000210f732c200 JavaThread "http-nio-8082-Poller"       daemon [_thread_in_native, id=28720, stack(0x0000005b2a600000,0x0000005b2a700000) (1024K)]
  0x00000210f732c890 JavaThread "http-nio-8082-Acceptor"     daemon [_thread_in_native, id=29440, stack(0x0000005b2a700000,0x0000005b2a800000) (1024K)]
  0x00000210f732cf20 JavaThread "DestroyJavaVM"                     [_thread_blocked, id=31380, stack(0x0000005b27600000,0x0000005b27700000) (1024K)]
Total: 31

Other Threads:
  0x00000210ac598d20 VMThread "VM Thread"                           [id=27244, stack(0x0000005b27d00000,0x0000005b27e00000) (1024K)]
  0x00000210ac57dfb0 WatcherThread "VM Periodic Task Thread"        [id=32580, stack(0x0000005b27c00000,0x0000005b27d00000) (1024K)]
  0x000002108dd08880 WorkerThread "GC Thread#0"                     [id=33676, stack(0x0000005b27700000,0x0000005b27800000) (1024K)]
  0x00000210f23a9960 WorkerThread "GC Thread#1"                     [id=25164, stack(0x0000005b28b00000,0x0000005b28c00000) (1024K)]
  0x00000210f23a9d00 WorkerThread "GC Thread#2"                     [id=32956, stack(0x0000005b28c00000,0x0000005b28d00000) (1024K)]
  0x00000210f27ee3a0 WorkerThread "GC Thread#3"                     [id=29904, stack(0x0000005b28d00000,0x0000005b28e00000) (1024K)]
  0x00000210f27ee740 WorkerThread "GC Thread#4"                     [id=32232, stack(0x0000005b28e00000,0x0000005b28f00000) (1024K)]
  0x00000210f27eeae0 WorkerThread "GC Thread#5"                     [id=30072, stack(0x0000005b28f00000,0x0000005b29000000) (1024K)]
  0x00000210f2953f80 WorkerThread "GC Thread#6"                     [id=12692, stack(0x0000005b29000000,0x0000005b29100000) (1024K)]
  0x00000210f2954320 WorkerThread "GC Thread#7"                     [id=17676, stack(0x0000005b29100000,0x0000005b29200000) (1024K)]
  0x000002108dd19e60 ConcurrentGCThread "G1 Main Marker"            [id=27908, stack(0x0000005b27800000,0x0000005b27900000) (1024K)]
  0x000002108dd1a960 WorkerThread "G1 Conc#0"                       [id=23808, stack(0x0000005b27900000,0x0000005b27a00000) (1024K)]
  0x00000210f2a88e50 WorkerThread "G1 Conc#1"                       [id=24324, stack(0x0000005b29200000,0x0000005b29300000) (1024K)]
  0x00000210ac442160 ConcurrentGCThread "G1 Refine#0"               [id=4260, stack(0x0000005b27a00000,0x0000005b27b00000) (1024K)]
  0x00000210ac442ae0 ConcurrentGCThread "G1 Service"                [id=17048, stack(0x0000005b27b00000,0x0000005b27c00000) (1024K)]
Total: 15

Threads with active compile tasks:
C2 CompilerThread0   182997 6143       4       org.springframework.boot.devtools.filewatch.FileSnapshot::<init> (64 bytes)
Total: 1

VM state: not at safepoint (normal execution)

VM Mutex/Monitor currently owned by a thread: None

Heap address: 0x0000000081e00000, size: 2018 MB, Compressed Oops mode: 32-bit

CDS archive(s) mapped at: [0x00000210ad000000-0x00000210adc90000-0x00000210adc90000), size 13172736, SharedBaseAddress: 0x00000210ad000000, ArchiveRelocationMode: 1.
Compressed class space mapped at: 0x00000210ae000000-0x00000210ee000000, reserved size: 1073741824
Narrow klass base: 0x00000210ad000000, Narrow klass shift: 0, Narrow klass range: 0x100000000

GC Precious Log:
 CardTable entry size: 512
 Card Set container configuration: InlinePtr #cards 5 size 8 Array Of Cards #cards 12 size 40 Howl #buckets 4 coarsen threshold 1843 Howl Bitmap #cards 512 size 80 coarsen threshold 460 Card regions per heap region 1 cards per card region 2048
 CPUs: 8 total, 8 available
 Memory: 8070M
 Large Page Support: Disabled
 NUMA Support: Disabled
 Compressed Oops: Enabled (32-bit)
 Heap Region Size: 1M
 Heap Min Capacity: 8M
 Heap Initial Capacity: 128M
 Heap Max Capacity: 2018M
 Pre-touch: Disabled
 Parallel Workers: 8
 Concurrent Workers: 2
 Concurrent Refinement Workers: 8
 Periodic GC: Disabled

Heap:
 garbage-first heap   total 60416K, used 45864K [0x0000000081e00000, 0x0000000100000000)
  region size 1024K, 18 young (18432K), 3 survivors (3072K)
 Metaspace       used 67315K, committed 68096K, reserved 1114112K
  class space    used 9188K, committed 9536K, reserved 1048576K

Heap Regions: E=young(eden), S=young(survivor), O=old, HS=humongous(starts), HC=humongous(continues), CS=collection set, F=free, TAMS=top-at-mark-start, PB=parsable bottom
|   0|0x0000000081e00000, 0x0000000081f00000, 0x0000000081f00000|100%|HS|  |TAMS 0x0000000081e00000| PB 0x0000000081e00000| Complete 
|   1|0x0000000081f00000, 0x0000000082000000, 0x0000000082000000|100%| O|  |TAMS 0x0000000081f00000| PB 0x0000000081f00000| Untracked 
|   2|0x0000000082000000, 0x0000000082100000, 0x0000000082100000|100%| O|  |TAMS 0x0000000082000000| PB 0x0000000082000000| Untracked 
|   3|0x0000000082100000, 0x0000000082200000, 0x0000000082200000|100%| O|  |TAMS 0x0000000082100000| PB 0x0000000082100000| Untracked 
|   4|0x0000000082200000, 0x0000000082300000, 0x0000000082300000|100%| O|  |TAMS 0x0000000082200000| PB 0x0000000082200000| Untracked 
|   5|0x0000000082300000, 0x0000000082400000, 0x0000000082400000|100%| O|  |TAMS 0x0000000082300000| PB 0x0000000082300000| Untracked 
|   6|0x0000000082400000, 0x0000000082500000, 0x0000000082500000|100%| O|  |TAMS 0x0000000082400000| PB 0x0000000082400000| Untracked 
|   7|0x0000000082500000, 0x0000000082600000, 0x0000000082600000|100%| O|  |TAMS 0x0000000082500000| PB 0x0000000082500000| Untracked 
|   8|0x0000000082600000, 0x0000000082700000, 0x0000000082700000|100%| O|  |TAMS 0x0000000082600000| PB 0x0000000082600000| Untracked 
|   9|0x0000000082700000, 0x0000000082800000, 0x0000000082800000|100%| O|  |TAMS 0x0000000082700000| PB 0x0000000082700000| Untracked 
|  10|0x0000000082800000, 0x0000000082900000, 0x0000000082900000|100%| O|  |TAMS 0x0000000082800000| PB 0x0000000082800000| Untracked 
|  11|0x0000000082900000, 0x0000000082a00000, 0x0000000082a00000|100%| O|  |TAMS 0x0000000082900000| PB 0x0000000082900000| Untracked 
|  12|0x0000000082a00000, 0x0000000082b00000, 0x0000000082b00000|100%| O|  |TAMS 0x0000000082a00000| PB 0x0000000082a00000| Untracked 
|  13|0x0000000082b00000, 0x0000000082c00000, 0x0000000082c00000|100%| O|  |TAMS 0x0000000082b00000| PB 0x0000000082b00000| Untracked 
|  14|0x0000000082c00000, 0x0000000082d00000, 0x0000000082d00000|100%| O|  |TAMS 0x0000000082c00000| PB 0x0000000082c00000| Untracked 
|  15|0x0000000082d00000, 0x0000000082e00000, 0x0000000082e00000|100%| O|  |TAMS 0x0000000082d00000| PB 0x0000000082d00000| Untracked 
|  16|0x0000000082e00000, 0x0000000082f00000, 0x0000000082f00000|100%| O|  |TAMS 0x0000000082e00000| PB 0x0000000082e00000| Untracked 
|  17|0x0000000082f00000, 0x0000000082f00000, 0x0000000083000000|  0%| F|  |TAMS 0x0000000082f00000| PB 0x0000000082f00000| Untracked 
|  18|0x0000000083000000, 0x0000000083100000, 0x0000000083100000|100%| O|  |TAMS 0x0000000083000000| PB 0x0000000083000000| Untracked 
|  19|0x0000000083100000, 0x0000000083200000, 0x0000000083200000|100%| O|  |TAMS 0x0000000083100000| PB 0x0000000083100000| Untracked 
|  20|0x0000000083200000, 0x0000000083300000, 0x0000000083300000|100%| O|  |TAMS 0x0000000083200000| PB 0x0000000083200000| Untracked 
|  21|0x0000000083300000, 0x0000000083400000, 0x0000000083400000|100%| O|  |TAMS 0x0000000083300000| PB 0x0000000083300000| Untracked 
|  22|0x0000000083400000, 0x0000000083500000, 0x0000000083500000|100%| O|  |TAMS 0x0000000083400000| PB 0x0000000083400000| Untracked 
|  23|0x0000000083500000, 0x0000000083600000, 0x0000000083600000|100%| O|  |TAMS 0x0000000083500000| PB 0x0000000083500000| Untracked 
|  24|0x0000000083600000, 0x0000000083700000, 0x0000000083700000|100%| O|  |TAMS 0x0000000083600000| PB 0x0000000083600000| Untracked 
|  25|0x0000000083700000, 0x0000000083700000, 0x0000000083800000|  0%| F|  |TAMS 0x0000000083700000| PB 0x0000000083700000| Untracked 
|  26|0x0000000083800000, 0x0000000083800000, 0x0000000083900000|  0%| F|  |TAMS 0x0000000083800000| PB 0x0000000083800000| Untracked 
|  27|0x0000000083900000, 0x0000000083900000, 0x0000000083a00000|  0%| F|  |TAMS 0x0000000083900000| PB 0x0000000083900000| Untracked 
|  28|0x0000000083a00000, 0x0000000083acdd00, 0x0000000083b00000| 80%| O|  |TAMS 0x0000000083a00000| PB 0x0000000083a00000| Untracked 
|  29|0x0000000083b00000, 0x0000000083b00000, 0x0000000083c00000|  0%| F|  |TAMS 0x0000000083b00000| PB 0x0000000083b00000| Untracked 
|  30|0x0000000083c00000, 0x0000000083cfc648, 0x0000000083d00000| 98%| S|CS|TAMS 0x0000000083c00000| PB 0x0000000083c00000| Complete 
|  31|0x0000000083d00000, 0x0000000083e00000, 0x0000000083e00000|100%| S|CS|TAMS 0x0000000083d00000| PB 0x0000000083d00000| Complete 
|  32|0x0000000083e00000, 0x0000000083f00000, 0x0000000083f00000|100%| S|CS|TAMS 0x0000000083e00000| PB 0x0000000083e00000| Complete 
|  33|0x0000000083f00000, 0x0000000083f00000, 0x0000000084000000|  0%| F|  |TAMS 0x0000000083f00000| PB 0x0000000083f00000| Untracked 
|  34|0x0000000084000000, 0x0000000084000000, 0x0000000084100000|  0%| F|  |TAMS 0x0000000084000000| PB 0x0000000084000000| Untracked 
|  35|0x0000000084100000, 0x0000000084100000, 0x0000000084200000|  0%| F|  |TAMS 0x0000000084100000| PB 0x0000000084100000| Untracked 
|  36|0x0000000084200000, 0x0000000084200000, 0x0000000084300000|  0%| F|  |TAMS 0x0000000084200000| PB 0x0000000084200000| Untracked 
|  37|0x0000000084300000, 0x0000000084300000, 0x0000000084400000|  0%| F|  |TAMS 0x0000000084300000| PB 0x0000000084300000| Untracked 
|  38|0x0000000084400000, 0x0000000084400000, 0x0000000084500000|  0%| F|  |TAMS 0x0000000084400000| PB 0x0000000084400000| Untracked 
|  39|0x0000000084500000, 0x0000000084500000, 0x0000000084600000|  0%| F|  |TAMS 0x0000000084500000| PB 0x0000000084500000| Untracked 
|  40|0x0000000084600000, 0x0000000084600000, 0x0000000084700000|  0%| F|  |TAMS 0x0000000084600000| PB 0x0000000084600000| Untracked 
|  41|0x0000000084700000, 0x00000000847bce00, 0x0000000084800000| 73%| E|  |TAMS 0x0000000084700000| PB 0x0000000084700000| Complete 
|  42|0x0000000084800000, 0x0000000084900000, 0x0000000084900000|100%| E|CS|TAMS 0x0000000084800000| PB 0x0000000084800000| Complete 
|  43|0x0000000084900000, 0x0000000084a00000, 0x0000000084a00000|100%| E|CS|TAMS 0x0000000084900000| PB 0x0000000084900000| Complete 
|  44|0x0000000084a00000, 0x0000000084b00000, 0x0000000084b00000|100%| E|CS|TAMS 0x0000000084a00000| PB 0x0000000084a00000| Complete 
|  45|0x0000000084b00000, 0x0000000084c00000, 0x0000000084c00000|100%| E|CS|TAMS 0x0000000084b00000| PB 0x0000000084b00000| Complete 
|  46|0x0000000084c00000, 0x0000000084d00000, 0x0000000084d00000|100%| E|CS|TAMS 0x0000000084c00000| PB 0x0000000084c00000| Complete 
|  47|0x0000000084d00000, 0x0000000084e00000, 0x0000000084e00000|100%| E|CS|TAMS 0x0000000084d00000| PB 0x0000000084d00000| Complete 
|  48|0x0000000084e00000, 0x0000000084f00000, 0x0000000084f00000|100%| E|CS|TAMS 0x0000000084e00000| PB 0x0000000084e00000| Complete 
|  82|0x0000000087000000, 0x0000000087100000, 0x0000000087100000|100%| E|CS|TAMS 0x0000000087000000| PB 0x0000000087000000| Complete 
|  83|0x0000000087100000, 0x0000000087200000, 0x0000000087200000|100%| E|CS|TAMS 0x0000000087100000| PB 0x0000000087100000| Complete 
|  84|0x0000000087200000, 0x0000000087300000, 0x0000000087300000|100%| E|CS|TAMS 0x0000000087200000| PB 0x0000000087200000| Complete 
|  85|0x0000000087300000, 0x0000000087400000, 0x0000000087400000|100%| E|CS|TAMS 0x0000000087300000| PB 0x0000000087300000| Complete 
|  86|0x0000000087400000, 0x0000000087500000, 0x0000000087500000|100%| E|CS|TAMS 0x0000000087400000| PB 0x0000000087400000| Complete 
|  87|0x0000000087500000, 0x0000000087600000, 0x0000000087600000|100%| E|CS|TAMS 0x0000000087500000| PB 0x0000000087500000| Complete 
| 127|0x0000000089d00000, 0x0000000089e00000, 0x0000000089e00000|100%| E|CS|TAMS 0x0000000089d00000| PB 0x0000000089d00000| Complete 
|2015|0x00000000ffd00000, 0x00000000ffe00000, 0x00000000ffe00000|100%| O|  |TAMS 0x00000000ffd00000| PB 0x00000000ffd00000| Untracked 
|2016|0x00000000ffe00000, 0x00000000fff00000, 0x00000000fff00000|100%| O|  |TAMS 0x00000000ffe00000| PB 0x00000000ffe00000| Untracked 
|2017|0x00000000fff00000, 0x0000000100000000, 0x0000000100000000|100%| O|  |TAMS 0x00000000fff00000| PB 0x00000000fff00000| Untracked 

Card table byte_map: [0x00000210a7760000,0x00000210a7b60000] _byte_map_base: 0x00000210a7351000

Marking Bits: (CMBitMap*) 0x000002108dd09790
 Bits: [0x00000210a7b60000, 0x00000210a9ae8000)

Polling page: 0x000002108dd70000

Metaspace:

Usage:
  Non-class:     56.76 MB used.
      Class:      8.97 MB used.
       Both:     65.74 MB used.

Virtual space:
  Non-class space:       64.00 MB reserved,      57.19 MB ( 89%) committed,  1 nodes.
      Class space:        1.00 GB reserved,       9.31 MB ( <1%) committed,  1 nodes.
             Both:        1.06 GB reserved,      66.50 MB (  6%) committed. 

Chunk freelists:
   Non-Class:  6.80 MB
       Class:  6.59 MB
        Both:  13.39 MB

MaxMetaspaceSize: unlimited
CompressedClassSpaceSize: 1.00 GB
Initial GC threshold: 21.00 MB
Current GC threshold: 98.75 MB
CDS: on
 - commit_granule_bytes: 65536.
 - commit_granule_words: 8192.
 - virtual_space_node_default_size: 8388608.
 - enlarge_chunks_in_place: 1.
 - use_allocation_guard: 0.


Internal statistics:

num_allocs_failed_limit: 12.
num_arena_births: 1088.
num_arena_deaths: 0.
num_vsnodes_births: 2.
num_vsnodes_deaths: 0.
num_space_committed: 1064.
num_space_uncommitted: 0.
num_chunks_returned_to_freelist: 12.
num_chunks_taken_from_freelist: 3589.
num_chunk_merges: 12.
num_chunk_splits: 2561.
num_chunks_enlarged: 1945.
num_inconsistent_stats: 0.

CodeHeap 'non-profiled nmethods': size=120000Kb used=2958Kb max_used=2958Kb free=117041Kb
 bounds [0x000002109f3c0000, 0x000002109f6b0000, 0x00000210a68f0000]
CodeHeap 'profiled nmethods': size=120000Kb used=10133Kb max_used=10133Kb free=109867Kb
 bounds [0x00000210978f0000, 0x00000210982e0000, 0x000002109ee20000]
CodeHeap 'non-nmethods': size=5760Kb used=1668Kb max_used=1748Kb free=4091Kb
 bounds [0x000002109ee20000, 0x000002109f090000, 0x000002109f3c0000]
 total_blobs=6235 nmethods=5528 adapters=611
 compilation: enabled
              stopped_count=0, restarted_count=0
 full_count=0

Compilation events (20 events):
Event: 172.168 Thread 0x00000210ac5c3b70 nmethod 6133 0x000002109f6a3090 code [0x000002109f6a3220, 0x000002109f6a32f0]
Event: 172.168 Thread 0x00000210ac5c3b70 6134       3       java.util.concurrent.locks.ReentrantReadWriteLock$Sync::tryAcquireShared (177 bytes)
Event: 172.169 Thread 0x00000210ac5c3b70 nmethod 6134 0x00000210982d1c10 code [0x00000210982d1ec0, 0x00000210982d2d80]
Event: 172.169 Thread 0x00000210ac5c3b70 6135       3       java.util.concurrent.locks.ReentrantReadWriteLock$Sync::sharedCount (5 bytes)
Event: 172.169 Thread 0x00000210ac5c3b70 nmethod 6135 0x00000210982d3290 code [0x00000210982d3420, 0x00000210982d3510]
Event: 172.169 Thread 0x00000210ac5c3b70 6136       3       java.util.concurrent.locks.ReentrantReadWriteLock$NonfairSync::readerShouldBlock (5 bytes)
Event: 172.169 Thread 0x00000210ac5c3b70 nmethod 6136 0x00000210982d3590 code [0x00000210982d3740, 0x00000210982d3878]
Event: 172.169 Thread 0x00000210ac5c3b70 6137       3       java.util.concurrent.locks.AbstractQueuedSynchronizer::apparentlyFirstQueuedIsExclusive (38 bytes)
Event: 172.170 Thread 0x00000210ac5c3b70 nmethod 6137 0x00000210982d3910 code [0x00000210982d3ac0, 0x00000210982d3e10]
Event: 172.170 Thread 0x00000210ac5c3b70 6138       3       java.util.concurrent.locks.ReentrantReadWriteLock$ReadLock::unlock (10 bytes)
Event: 172.170 Thread 0x00000210ac5c3b70 nmethod 6138 0x00000210982d3f10 code [0x00000210982d40e0, 0x00000210982d43c0]
Event: 175.438 Thread 0x00000210ac5c30d0 6139       4       java.util.LinkedHashMap::<init> (15 bytes)
Event: 175.439 Thread 0x00000210ac5c30d0 nmethod 6139 0x000002109f6a3390 code [0x000002109f6a3520, 0x000002109f6a35b8]
Event: 181.721 Thread 0x00000210ac5c30d0 6140   !   4       java.io.WinNTFileSystem::getLength (27 bytes)
Event: 181.724 Thread 0x00000210ac5c30d0 nmethod 6140 0x000002109f6a3690 code [0x000002109f6a3840, 0x000002109f6a3990]
Event: 181.731 Thread 0x00000210ac5c3b70 6141       3       java.util.concurrent.ScheduledThreadPoolExecutor$ScheduledFutureTask::isPeriodic (15 bytes)
Event: 181.731 Thread 0x00000210ac5c3b70 nmethod 6141 0x00000210982d4510 code [0x00000210982d46a0, 0x00000210982d4808]
Event: 182.171 Thread 0x00000210ac5c3b70 6142       3       java.util.concurrent.locks.AbstractQueuedSynchronizer::enqueue (72 bytes)
Event: 182.172 Thread 0x00000210ac5c3b70 nmethod 6142 0x00000210982d4890 code [0x00000210982d4ac0, 0x00000210982d51e8]
Event: 182.743 Thread 0x00000210ac5c30d0 6143       4       org.springframework.boot.devtools.filewatch.FileSnapshot::<init> (64 bytes)

GC Heap History (20 events):
Event: 6.820 GC heap before
{Heap before GC invocations=2 (full 0):
 garbage-first heap   total 131072K, used 45973K [0x0000000081e00000, 0x0000000100000000)
  region size 1024K, 40 young (40960K), 3 survivors (3072K)
 Metaspace       used 21238K, committed 21504K, reserved 1114112K
  class space    used 2649K, committed 2752K, reserved 1048576K
}
Event: 6.832 GC heap after
{Heap after GC invocations=3 (full 0):
 garbage-first heap   total 131072K, used 13572K [0x0000000081e00000, 0x0000000100000000)
  region size 1024K, 6 young (6144K), 6 survivors (6144K)
 Metaspace       used 21238K, committed 21504K, reserved 1114112K
  class space    used 2649K, committed 2752K, reserved 1048576K
}
Event: 8.856 GC heap before
{Heap before GC invocations=4 (full 0):
 garbage-first heap   total 51200K, used 50436K [0x0000000081e00000, 0x0000000100000000)
  region size 1024K, 42 young (43008K), 6 survivors (6144K)
 Metaspace       used 25588K, committed 25920K, reserved 1114112K
  class space    used 3180K, committed 3328K, reserved 1048576K
}
Event: 8.872 GC heap after
{Heap after GC invocations=5 (full 0):
 garbage-first heap   total 60416K, used 15907K [0x0000000081e00000, 0x0000000100000000)
  region size 1024K, 6 young (6144K), 6 survivors (6144K)
 Metaspace       used 25588K, committed 25920K, reserved 1114112K
  class space    used 3180K, committed 3328K, reserved 1048576K
}
Event: 11.460 GC heap before
{Heap before GC invocations=5 (full 0):
 garbage-first heap   total 60416K, used 45603K [0x0000000081e00000, 0x0000000100000000)
  region size 1024K, 35 young (35840K), 6 survivors (6144K)
 Metaspace       used 30711K, committed 31232K, reserved 1114112K
  class space    used 3946K, committed 4160K, reserved 1048576K
}
Event: 11.475 GC heap after
{Heap after GC invocations=6 (full 0):
 garbage-first heap   total 60416K, used 18414K [0x0000000081e00000, 0x0000000100000000)
  region size 1024K, 5 young (5120K), 5 survivors (5120K)
 Metaspace       used 30711K, committed 31232K, reserved 1114112K
  class space    used 3946K, committed 4160K, reserved 1048576K
}
Event: 12.631 GC heap before
{Heap before GC invocations=6 (full 0):
 garbage-first heap   total 60416K, used 42990K [0x0000000081e00000, 0x0000000100000000)
  region size 1024K, 30 young (30720K), 5 survivors (5120K)
 Metaspace       used 35496K, committed 35968K, reserved 1114112K
  class space    used 4541K, committed 4736K, reserved 1048576K
}
Event: 12.642 GC heap after
{Heap after GC invocations=7 (full 0):
 garbage-first heap   total 60416K, used 20758K [0x0000000081e00000, 0x0000000100000000)
  region size 1024K, 3 young (3072K), 3 survivors (3072K)
 Metaspace       used 35496K, committed 35968K, reserved 1114112K
  class space    used 4541K, committed 4736K, reserved 1048576K
}
Event: 14.431 GC heap before
{Heap before GC invocations=8 (full 0):
 garbage-first heap   total 60416K, used 48406K [0x0000000081e00000, 0x0000000100000000)
  region size 1024K, 30 young (30720K), 3 survivors (3072K)
 Metaspace       used 43598K, committed 44160K, reserved 1114112K
  class space    used 5760K, committed 6016K, reserved 1048576K
}
Event: 14.438 GC heap after
{Heap after GC invocations=9 (full 0):
 garbage-first heap   total 60416K, used 22391K [0x0000000081e00000, 0x0000000100000000)
  region size 1024K, 4 young (4096K), 4 survivors (4096K)
 Metaspace       used 43598K, committed 44160K, reserved 1114112K
  class space    used 5760K, committed 6016K, reserved 1048576K
}
Event: 15.920 GC heap before
{Heap before GC invocations=9 (full 0):
 garbage-first heap   total 60416K, used 49015K [0x0000000081e00000, 0x0000000100000000)
  region size 1024K, 31 young (31744K), 4 survivors (4096K)
 Metaspace       used 51968K, committed 52544K, reserved 1114112K
  class space    used 6895K, committed 7168K, reserved 1048576K
}
Event: 15.928 GC heap after
{Heap after GC invocations=10 (full 0):
 garbage-first heap   total 60416K, used 24005K [0x0000000081e00000, 0x0000000100000000)
  region size 1024K, 4 young (4096K), 4 survivors (4096K)
 Metaspace       used 51968K, committed 52544K, reserved 1114112K
  class space    used 6895K, committed 7168K, reserved 1048576K
}
Event: 17.424 GC heap before
{Heap before GC invocations=10 (full 0):
 garbage-first heap   total 60416K, used 50629K [0x0000000081e00000, 0x0000000100000000)
  region size 1024K, 31 young (31744K), 4 survivors (4096K)
 Metaspace       used 58659K, committed 59264K, reserved 1114112K
  class space    used 7998K, committed 8256K, reserved 1048576K
}
Event: 17.432 GC heap after
{Heap after GC invocations=11 (full 0):
 garbage-first heap   total 60416K, used 25860K [0x0000000081e00000, 0x0000000100000000)
  region size 1024K, 4 young (4096K), 4 survivors (4096K)
 Metaspace       used 58659K, committed 59264K, reserved 1114112K
  class space    used 7998K, committed 8256K, reserved 1048576K
}
Event: 17.624 GC heap before
{Heap before GC invocations=11 (full 0):
 garbage-first heap   total 60416K, used 30980K [0x0000000081e00000, 0x0000000100000000)
  region size 1024K, 10 young (10240K), 4 survivors (4096K)
 Metaspace       used 59647K, committed 60288K, reserved 1114112K
  class space    used 8080K, committed 8384K, reserved 1048576K
}
Event: 17.629 GC heap after
{Heap after GC invocations=12 (full 0):
 garbage-first heap   total 60416K, used 26496K [0x0000000081e00000, 0x0000000100000000)
  region size 1024K, 3 young (3072K), 3 survivors (3072K)
 Metaspace       used 59647K, committed 60288K, reserved 1114112K
  class space    used 8080K, committed 8384K, reserved 1048576K
}
Event: 18.637 GC heap before
{Heap before GC invocations=13 (full 0):
 garbage-first heap   total 60416K, used 51072K [0x0000000081e00000, 0x0000000100000000)
  region size 1024K, 28 young (28672K), 3 survivors (3072K)
 Metaspace       used 63587K, committed 64320K, reserved 1114112K
  class space    used 8702K, committed 9024K, reserved 1048576K
}
Event: 18.645 GC heap after
{Heap after GC invocations=14 (full 0):
 garbage-first heap   total 60416K, used 28784K [0x0000000081e00000, 0x0000000100000000)
  region size 1024K, 3 young (3072K), 3 survivors (3072K)
 Metaspace       used 63587K, committed 64320K, reserved 1114112K
  class space    used 8702K, committed 9024K, reserved 1048576K
}
Event: 19.530 GC heap before
{Heap before GC invocations=14 (full 0):
 garbage-first heap   total 60416K, used 51312K [0x0000000081e00000, 0x0000000100000000)
  region size 1024K, 26 young (26624K), 3 survivors (3072K)
 Metaspace       used 66551K, committed 67328K, reserved 1114112K
  class space    used 9093K, committed 9472K, reserved 1048576K
}
Event: 19.540 GC heap after
{Heap after GC invocations=15 (full 0):
 garbage-first heap   total 60416K, used 31528K [0x0000000081e00000, 0x0000000100000000)
  region size 1024K, 3 young (3072K), 3 survivors (3072K)
 Metaspace       used 66551K, committed 67328K, reserved 1114112K
  class space    used 9093K, committed 9472K, reserved 1048576K
}

Dll operation events (14 events):
Event: 0.113 Loaded shared library C:\Program Files\Java\jdk-21\bin\java.dll
Event: 0.230 Loaded shared library C:\Program Files\Java\jdk-21\bin\jsvml.dll
Event: 0.499 Loaded shared library C:\Program Files\Java\jdk-21\bin\zip.dll
Event: 0.512 Loaded shared library C:\Program Files\Java\jdk-21\bin\instrument.dll
Event: 0.526 Loaded shared library C:\Program Files\Java\jdk-21\bin\net.dll
Event: 0.530 Loaded shared library C:\Program Files\Java\jdk-21\bin\nio.dll
Event: 0.538 Loaded shared library C:\Program Files\Java\jdk-21\bin\zip.dll
Event: 0.896 Loaded shared library C:\Program Files\JetBrains\IntelliJ IDEA Community Edition 2023.3.3\bin\breakgen64.dll
Event: 0.928 Loaded shared library C:\Program Files\Java\jdk-21\bin\extnet.dll
Event: 1.022 Loaded shared library C:\Program Files\Java\jdk-21\bin\jimage.dll
Event: 1.824 Loaded shared library C:\Program Files\Java\jdk-21\bin\management.dll
Event: 1.829 Loaded shared library C:\Program Files\Java\jdk-21\bin\management_ext.dll
Event: 6.771 Loaded shared library C:\Program Files\Java\jdk-21\bin\sunmscapi.dll
Event: 12.965 Loaded shared library C:\Program Files\Java\jdk-21\bin\verify.dll

Deoptimization events (20 events):
Event: 19.666 Thread 0x00000210f25c4b30 DEOPT PACKING pc=0x000002109f459910 sp=0x0000005b28afe830
Event: 19.666 Thread 0x00000210f25c4b30 DEOPT UNPACKING pc=0x000002109ee746a2 sp=0x0000005b28afe7c0 mode 2
Event: 19.669 Thread 0x00000210f25c4b30 Uncommon trap: trap_request=0xffffff45 fr.pc=0x000002109f4714d0 relative=0x0000000000000110
Event: 19.669 Thread 0x00000210f25c4b30 Uncommon trap: reason=unstable_if action=reinterpret pc=0x000002109f4714d0 method=java.lang.ref.ReferenceQueue.poll()Ljava/lang/ref/Reference; @ 4 c2
Event: 19.669 Thread 0x00000210f25c4b30 DEOPT PACKING pc=0x000002109f4714d0 sp=0x0000005b28afe550
Event: 19.669 Thread 0x00000210f25c4b30 DEOPT UNPACKING pc=0x000002109ee746a2 sp=0x0000005b28afe418 mode 2
Event: 19.714 Thread 0x00000210f25c4b30 Uncommon trap: trap_request=0xffffff45 fr.pc=0x000002109f4452bc relative=0x000000000000099c
Event: 19.714 Thread 0x00000210f25c4b30 Uncommon trap: reason=unstable_if action=reinterpret pc=0x000002109f4452bc method=sun.security.provider.SHA2.implReset()V @ 8 c2
Event: 19.714 Thread 0x00000210f25c4b30 DEOPT PACKING pc=0x000002109f4452bc sp=0x0000005b28afd4f0
Event: 19.714 Thread 0x00000210f25c4b30 DEOPT UNPACKING pc=0x000002109ee746a2 sp=0x0000005b28afd408 mode 2
Event: 19.714 Thread 0x00000210f25c4b30 Uncommon trap: trap_request=0xffffff45 fr.pc=0x000002109f42a740 relative=0x00000000000009c0
Event: 19.714 Thread 0x00000210f25c4b30 Uncommon trap: reason=unstable_if action=reinterpret pc=0x000002109f42a740 method=java.lang.Integer.stringSize(I)I @ 19 c2
Event: 19.714 Thread 0x00000210f25c4b30 DEOPT PACKING pc=0x000002109f42a740 sp=0x0000005b28afdab0
Event: 19.714 Thread 0x00000210f25c4b30 DEOPT UNPACKING pc=0x000002109ee746a2 sp=0x0000005b28afda08 mode 2
Event: 19.750 Thread 0x00000210f25c4b30 DEOPT PACKING pc=0x00000210982a66ee sp=0x0000005b28afe320
Event: 19.750 Thread 0x00000210f25c4b30 DEOPT UNPACKING pc=0x000002109ee74e42 sp=0x0000005b28afd7f8 mode 0
Event: 20.675 Thread 0x00000210f461bfa0 DEOPT PACKING pc=0x000002109815a65d sp=0x0000005b29afe8a0
Event: 20.675 Thread 0x00000210f461bfa0 DEOPT UNPACKING pc=0x000002109ee74e42 sp=0x0000005b29afdd68 mode 0
Event: 27.878 Thread 0x00000210f461bfa0 DEOPT PACKING pc=0x00000210982ace78 sp=0x0000005b29afeaa0
Event: 27.878 Thread 0x00000210f461bfa0 DEOPT UNPACKING pc=0x000002109ee74e42 sp=0x0000005b29afdf68 mode 0

Classes loaded (20 events):
Event: 19.765 Loading class java/beans/WeakIdentityMap done
Event: 19.765 Loading class java/beans/ThreadGroupContext$1 done
Event: 19.765 Loading class java/beans/WeakIdentityMap$Entry
Event: 19.765 Loading class java/beans/WeakIdentityMap$Entry done
Event: 19.766 Loading class com/sun/beans/introspect/ClassInfo
Event: 19.766 Loading class com/sun/beans/introspect/ClassInfo done
Event: 19.766 Loading class com/sun/beans/introspect/ClassInfo$1
Event: 19.766 Loading class com/sun/beans/util/Cache
Event: 19.767 Loading class com/sun/beans/util/Cache done
Event: 19.767 Loading class com/sun/beans/introspect/ClassInfo$1 done
Event: 19.767 Loading class com/sun/beans/util/Cache$Kind
Event: 19.767 Loading class com/sun/beans/util/Cache$Kind done
Event: 19.767 Loading class com/sun/beans/util/Cache$Kind$1
Event: 19.768 Loading class com/sun/beans/util/Cache$Kind$1 done
Event: 19.768 Loading class com/sun/beans/util/Cache$Kind$2
Event: 19.768 Loading class com/sun/beans/util/Cache$Kind$2 done
Event: 19.768 Loading class com/sun/beans/util/Cache$Kind$3
Event: 19.769 Loading class com/sun/beans/util/Cache$Kind$3 done
Event: 19.769 Loading class com/sun/beans/util/Cache$CacheEntry
Event: 19.770 Loading class com/sun/beans/util/Cache$CacheEntry done

Classes unloaded (0 events):
No events

Classes redefined (0 events):
No events

Internal exceptions (20 events):
Event: 16.947 Thread 0x00000210f25c4b30 Exception <a 'java/lang/NoSuchMethodError'{0x00000000841aab60}: 'void java.lang.invoke.DirectMethodHandle$Holder.invokeInterface(java.lang.Object, java.lang.Object)'> (0x00000000841aab60) 
thrown [s\open\src\hotspot\share\interpreter\linkResolver.cpp, line 773]
Event: 17.282 Thread 0x00000210f25c4b30 Exception <a 'java/lang/NoSuchMethodError'{0x0000000083df5808}: 'java.lang.Object java.lang.invoke.DirectMethodHandle$Holder.invokeSpecial(java.lang.Object, java.lang.Object, int, java.lang.Object, int)'> (0x0000000083df5808) 
thrown [s\open\src\hotspot\share\interpreter\linkResolver.cpp, line 773]
Event: 17.363 Thread 0x00000210f25c4b30 Exception <a 'java/lang/NoSuchMethodError'{0x0000000083cc6e68}: 'void java.lang.invoke.Invokers$Holder.invokeExact_MT(java.lang.Object, java.lang.Object, java.lang.Object, java.lang.Object)'> (0x0000000083cc6e68) 
thrown [s\open\src\hotspot\share\interpreter\linkResolver.cpp, line 773]
Event: 17.497 Thread 0x00000210f25c4b30 Exception <a 'java/lang/IncompatibleClassChangeError'{0x00000000874619e0}: Found class java.lang.Object, but interface was expected> (0x00000000874619e0) 
thrown [s\open\src\hotspot\share\interpreter\linkResolver.cpp, line 840]
Event: 17.521 Thread 0x00000210f25c4b30 Exception <a 'java/lang/IncompatibleClassChangeError'{0x00000000874dc1e8}: Found class java.lang.Object, but interface was expected> (0x00000000874dc1e8) 
thrown [s\open\src\hotspot\share\interpreter\linkResolver.cpp, line 840]
Event: 17.592 Thread 0x00000210f25c4b30 Exception <a 'java/lang/IncompatibleClassChangeError'{0x0000000087237b00}: Found class java.lang.Object, but interface was expected> (0x0000000087237b00) 
thrown [s\open\src\hotspot\share\interpreter\linkResolver.cpp, line 840]
Event: 17.945 Thread 0x00000210f25c4b30 Exception <a 'java/lang/IncompatibleClassChangeError'{0x00000000871e98b0}: Found class java.lang.Object, but interface was expected> (0x00000000871e98b0) 
thrown [s\open\src\hotspot\share\interpreter\linkResolver.cpp, line 840]
Event: 17.947 Thread 0x00000210f25c4b30 Implicit null exception at 0x000002109f51a10b to 0x000002109f51a384
Event: 18.185 Thread 0x00000210f25c4b30 Exception <a 'java/lang/IncompatibleClassChangeError'{0x0000000084707910}: Found class java.lang.Object, but interface was expected> (0x0000000084707910) 
thrown [s\open\src\hotspot\share\interpreter\linkResolver.cpp, line 840]
Event: 18.341 Thread 0x00000210f25c4b30 Exception <a 'java/lang/NoSuchMethodError'{0x0000000084454030}: 'java.lang.Object java.lang.invoke.DirectMethodHandle$Holder.invokeInterface(java.lang.Object, java.lang.Object, java.lang.Object, java.lang.Object)'> (0x0000000084454030) 
thrown [s\open\src\hotspot\share\interpreter\linkResolver.cpp, line 773]
Event: 18.405 Thread 0x00000210f25c4b30 Exception <a 'java/lang/NoSuchMethodError'{0x00000000842040a0}: 'java.lang.Object java.lang.invoke.DirectMethodHandle$Holder.newInvokeSpecial(java.lang.Object, java.lang.Object, java.lang.Object, java.lang.Object, java.lang.Object, java.lang.Object, java.lang.Object, java.lang.Object)'> (0x00000000842040a0) 
thrown [s\open\src\hotspot\share\interpreter\linkResolver.cpp, line 773]
Event: 18.612 Thread 0x00000210f25c4b30 Exception <a 'java/lang/NoSuchMethodError'{0x0000000083a3ff30}: 'java.lang.Object java.lang.invoke.DirectMethodHandle$Holder.invokeVirtual(java.lang.Object, java.lang.Object, java.lang.Object, java.lang.Object, java.lang.Object, java.lang.Object, java.lang.Object)'> (0x0000000083a3ff30) 
thrown [s\open\src\hotspot\share\interpreter\linkResolver.cpp, line 773]
Event: 19.050 Thread 0x00000210f25c4b30 Exception <a 'java/lang/IncompatibleClassChangeError'{0x0000000084bd5ff8}: Found class java.lang.Object, but interface was expected> (0x0000000084bd5ff8) 
thrown [s\open\src\hotspot\share\interpreter\linkResolver.cpp, line 840]
Event: 19.082 Thread 0x00000210f25c4b30 Implicit null exception at 0x000002109f4f7352 to 0x000002109f4f7414
Event: 19.125 Thread 0x00000210f25c4b30 Exception <a 'java/lang/NoSuchMethodError'{0x000000008499e8c8}: 'void java.lang.invoke.DirectMethodHandle$Holder.invokeVirtual(java.lang.Object, java.lang.Object, long)'> (0x000000008499e8c8) 
thrown [s\open\src\hotspot\share\interpreter\linkResolver.cpp, line 773]
Event: 19.298 Thread 0x00000210f25c4b30 Exception <a 'java/lang/NoSuchMethodError'{0x00000000845f1fe8}: 'java.lang.Object java.lang.invoke.DirectMethodHandle$Holder.invokeVirtual(java.lang.Object, java.lang.Object, java.lang.Object, java.lang.Object, java.lang.Object, java.lang.Object, java.lang.Object, java.lang.Object, java.lang.Object)'> (0x00000000845f1fe8) 
thrown [s\open\src\hotspot\share\interpreter\linkResolver.cpp, line 773]
Event: 19.373 Thread 0x00000210f25c4b30 Exception <a 'java/lang/NoSuchMethodError'{0x000000008437e850}: 'java.lang.Object java.lang.invoke.DirectMethodHandle$Holder.invokeVirtual(java.lang.Object, java.lang.Object, java.lang.Object, java.lang.Object, java.lang.Object, java.lang.Object, java.lang.Object, java.lang.Object, java.lang.Object, java.lang.Object)'> (0x000000008437e850) 
thrown [s\open\src\hotspot\share\interpreter\linkResolver.cpp, line 773]
Event: 19.450 Thread 0x00000210f25c4b30 Exception <a 'java/lang/IncompatibleClassChangeError'{0x0000000084104be0}: Found class java.lang.Object, but interface was expected> (0x0000000084104be0) 
thrown [s\open\src\hotspot\share\interpreter\linkResolver.cpp, line 840]
Event: 19.672 Thread 0x00000210f25c4b30 Exception <a 'java/lang/NoSuchMethodError'{0x000000008731c380}: 'java.lang.Object java.lang.invoke.DirectMethodHandle$Holder.newInvokeSpecial(java.lang.Object, java.lang.Object, int, java.lang.Object, java.lang.Object)'> (0x000000008731c380) 
thrown [s\open\src\hotspot\share\interpreter\linkResolver.cpp, line 773]
Event: 19.714 Thread 0x00000210f25c4b30 Implicit null exception at 0x000002109f444a08 to 0x000002109f445298

ZGC Phase Switch (0 events):
No events

VM Operations (20 events):
Event: 51.979 Executing VM operation: Cleanup
Event: 51.979 Executing VM operation: Cleanup done
Event: 60.192 Executing VM operation: HandshakeAllThreads (HandshakeForDeflation)
Event: 60.192 Executing VM operation: HandshakeAllThreads (HandshakeForDeflation) done
Event: 60.192 Executing VM operation: RendezvousGCThreads
Event: 60.192 Executing VM operation: RendezvousGCThreads done
Event: 76.320 Executing VM operation: Cleanup
Event: 76.320 Executing VM operation: Cleanup done
Event: 85.391 Executing VM operation: Cleanup
Event: 85.391 Executing VM operation: Cleanup done
Event: 102.570 Executing VM operation: Cleanup
Event: 102.570 Executing VM operation: Cleanup done
Event: 104.594 Executing VM operation: Cleanup
Event: 104.594 Executing VM operation: Cleanup done
Event: 112.672 Executing VM operation: Cleanup
Event: 112.672 Executing VM operation: Cleanup done
Event: 132.848 Executing VM operation: Cleanup
Event: 132.848 Executing VM operation: Cleanup done
Event: 133.855 Executing VM operation: Cleanup
Event: 133.855 Executing VM operation: Cleanup done

Events (20 events):
Event: 19.642 Thread 0x00000210f461c630 Thread added: 0x00000210f461c630
Event: 19.643 Thread 0x00000210f461c630 Thread exited: 0x00000210f461c630
Event: 19.643 Thread 0x00000210f4619ed0 Thread added: 0x00000210f4619ed0
Event: 19.694 Thread 0x00000210f461a560 Thread added: 0x00000210f461a560
Event: 19.694 Thread 0x00000210f461abf0 Thread added: 0x00000210f461abf0
Event: 19.694 Thread 0x00000210f732e2d0 Thread added: 0x00000210f732e2d0
Event: 19.694 Thread 0x00000210f732bb70 Thread added: 0x00000210f732bb70
Event: 19.695 Thread 0x00000210f7328d80 Thread added: 0x00000210f7328d80
Event: 19.695 Thread 0x00000210f732a7c0 Thread added: 0x00000210f732a7c0
Event: 19.695 Thread 0x00000210f732ae50 Thread added: 0x00000210f732ae50
Event: 19.695 Thread 0x00000210f732b4e0 Thread added: 0x00000210f732b4e0
Event: 19.696 Thread 0x00000210f7329410 Thread added: 0x00000210f7329410
Event: 19.696 Thread 0x00000210f732dc40 Thread added: 0x00000210f732dc40
Event: 19.722 Thread 0x00000210f732c200 Thread added: 0x00000210f732c200
Event: 19.727 Thread 0x00000210f732c890 Thread added: 0x00000210f732c890
Event: 19.764 Thread 0x00000210f25c4b30 Thread exited: 0x00000210f25c4b30
Event: 19.770 Thread 0x00000210f25c8330 Thread exited: 0x00000210f25c8330
Event: 19.771 Thread 0x000002108dcb39c0 Thread exited: 0x000002108dcb39c0
Event: 19.771 Thread 0x00000210f732cf20 Thread added: 0x00000210f732cf20
Event: 21.127 Thread 0x00000210f461d350 Thread exited: 0x00000210f461d350


Dynamic libraries:
0x00007ff695a20000 - 0x00007ff695a30000 	C:\Program Files\Java\jdk-21\bin\java.exe
0x00007ffe0cbf0000 - 0x00007ffe0ce07000 	C:\WINDOWS\SYSTEM32\ntdll.dll
0x00007ffe0c8b0000 - 0x00007ffe0c974000 	C:\WINDOWS\System32\KERNEL32.DLL
0x00007ffe0a580000 - 0x00007ffe0a92d000 	C:\WINDOWS\System32\KERNELBASE.dll
0x00007ffe0a040000 - 0x00007ffe0a151000 	C:\WINDOWS\System32\ucrtbase.dll
0x00007ffdf4450000 - 0x00007ffdf4469000 	C:\Program Files\Java\jdk-21\bin\jli.dll
0x00007ffdf4490000 - 0x00007ffdf44ab000 	C:\Program Files\Java\jdk-21\bin\VCRUNTIME140.dll
0x00007ffe0c0e0000 - 0x00007ffe0c192000 	C:\WINDOWS\System32\ADVAPI32.dll
0x00007ffe0cb00000 - 0x00007ffe0cba7000 	C:\WINDOWS\System32\msvcrt.dll
0x00007ffe0ae10000 - 0x00007ffe0aeb9000 	C:\WINDOWS\System32\sechost.dll
0x00007ffe0a350000 - 0x00007ffe0a378000 	C:\WINDOWS\System32\bcrypt.dll
0x00007ffe0a930000 - 0x00007ffe0aa44000 	C:\WINDOWS\System32\RPCRT4.dll
0x00007ffdff630000 - 0x00007ffdff8c3000 	C:\WINDOWS\WinSxS\amd64_microsoft.windows.common-controls_6595b64144ccf1df_6.0.22621.3672_none_2713b9d173822955\COMCTL32.dll
0x00007ffe0afa0000 - 0x00007ffe0afc9000 	C:\WINDOWS\System32\GDI32.dll
0x00007ffe0b350000 - 0x00007ffe0b4fe000 	C:\WINDOWS\System32\USER32.dll
0x00007ffe0a550000 - 0x00007ffe0a576000 	C:\WINDOWS\System32\win32u.dll
0x00007ffe09f20000 - 0x00007ffe0a039000 	C:\WINDOWS\System32\gdi32full.dll
0x00007ffe0a4b0000 - 0x00007ffe0a54a000 	C:\WINDOWS\System32\msvcp_win.dll
0x00007ffe01a70000 - 0x00007ffe01a7a000 	C:\WINDOWS\SYSTEM32\VERSION.dll
0x00007ffe0ca60000 - 0x00007ffe0ca91000 	C:\WINDOWS\System32\IMM32.DLL
0x00007ffdfd480000 - 0x00007ffdfd48c000 	C:\Program Files\Java\jdk-21\bin\vcruntime140_1.dll
0x00007ffdda870000 - 0x00007ffdda8fe000 	C:\Program Files\Java\jdk-21\bin\msvcp140.dll
0x00007ffd802b0000 - 0x00007ffd80fc7000 	C:\Program Files\Java\jdk-21\bin\server\jvm.dll
0x00007ffe0c9e0000 - 0x00007ffe0ca51000 	C:\WINDOWS\System32\WS2_32.dll
0x00007ffe08d90000 - 0x00007ffe08ddd000 	C:\WINDOWS\SYSTEM32\POWRPROF.dll
0x00007ffe02e20000 - 0x00007ffe02e54000 	C:\WINDOWS\SYSTEM32\WINMM.dll
0x00007ffe08d50000 - 0x00007ffe08d63000 	C:\WINDOWS\SYSTEM32\UMPDC.dll
0x00007ffe09000000 - 0x00007ffe09018000 	C:\WINDOWS\SYSTEM32\kernel.appcore.dll
0x00007ffdfd3e0000 - 0x00007ffdfd3ea000 	C:\Program Files\Java\jdk-21\bin\jimage.dll
0x00007ffe07750000 - 0x00007ffe07982000 	C:\WINDOWS\SYSTEM32\DBGHELP.DLL
0x00007ffe0aa80000 - 0x00007ffe0ae08000 	C:\WINDOWS\System32\combase.dll
0x00007ffe0aec0000 - 0x00007ffe0af97000 	C:\WINDOWS\System32\OLEAUT32.dll
0x00007ffe00a60000 - 0x00007ffe00a92000 	C:\WINDOWS\SYSTEM32\dbgcore.DLL
0x00007ffe0a160000 - 0x00007ffe0a1db000 	C:\WINDOWS\System32\bcryptPrimitives.dll
0x00007ffdf4440000 - 0x00007ffdf444f000 	C:\Program Files\Java\jdk-21\bin\instrument.dll
0x00007ffdeddc0000 - 0x00007ffdedddf000 	C:\Program Files\Java\jdk-21\bin\java.dll
0x00007ffe0b6c0000 - 0x00007ffe0bf1f000 	C:\WINDOWS\System32\SHELL32.dll
0x00007ffe07e20000 - 0x00007ffe0871c000 	C:\WINDOWS\SYSTEM32\windows.storage.dll
0x00007ffe07ce0000 - 0x00007ffe07e1f000 	C:\WINDOWS\SYSTEM32\wintypes.dll
0x00007ffe0c230000 - 0x00007ffe0c324000 	C:\WINDOWS\System32\SHCORE.dll
0x00007ffe0caa0000 - 0x00007ffe0cafe000 	C:\WINDOWS\System32\shlwapi.dll
0x00007ffe09e50000 - 0x00007ffe09e71000 	C:\WINDOWS\SYSTEM32\profapi.dll
0x00007ffdd2e60000 - 0x00007ffdd2f37000 	C:\Program Files\Java\jdk-21\bin\jsvml.dll
0x00007ffdecf60000 - 0x00007ffdecf78000 	C:\Program Files\Java\jdk-21\bin\zip.dll
0x00007ffdfd3b0000 - 0x00007ffdfd3c0000 	C:\Program Files\Java\jdk-21\bin\net.dll
0x00007ffe02a40000 - 0x00007ffe02b76000 	C:\WINDOWS\SYSTEM32\WINHTTP.dll
0x00007ffe09460000 - 0x00007ffe094c9000 	C:\WINDOWS\system32\mswsock.dll
0x00007ffdecf80000 - 0x00007ffdecf96000 	C:\Program Files\Java\jdk-21\bin\nio.dll
0x00007ffde59c0000 - 0x00007ffde59da000 	C:\Program Files\JetBrains\IntelliJ IDEA Community Edition 2023.3.3\bin\breakgen64.dll
0x00007ffdf48c0000 - 0x00007ffdf48c9000 	C:\Program Files\Java\jdk-21\bin\extnet.dll
0x00007ffdedc10000 - 0x00007ffdedc1a000 	C:\Program Files\Java\jdk-21\bin\management.dll
0x00007ffde7450000 - 0x00007ffde745b000 	C:\Program Files\Java\jdk-21\bin\management_ext.dll
0x00007ffe0c220000 - 0x00007ffe0c228000 	C:\WINDOWS\System32\PSAPI.DLL
0x00007ffded140000 - 0x00007ffded14e000 	C:\Program Files\Java\jdk-21\bin\sunmscapi.dll
0x00007ffe0a1e0000 - 0x00007ffe0a347000 	C:\WINDOWS\System32\CRYPT32.dll
0x00007ffe098d0000 - 0x00007ffe098fe000 	C:\WINDOWS\SYSTEM32\ncrypt.dll
0x00007ffe09890000 - 0x00007ffe098c7000 	C:\WINDOWS\SYSTEM32\NTASN1.dll
0x00007ffe096b0000 - 0x00007ffe096cb000 	C:\WINDOWS\SYSTEM32\CRYPTSP.dll
0x00007ffe08f60000 - 0x00007ffe08f95000 	C:\WINDOWS\system32\rsaenh.dll
0x00007ffe09500000 - 0x00007ffe09528000 	C:\WINDOWS\SYSTEM32\USERENV.dll
0x00007ffe09670000 - 0x00007ffe0967c000 	C:\WINDOWS\SYSTEM32\CRYPTBASE.dll
0x00007ffe08980000 - 0x00007ffe089ad000 	C:\WINDOWS\SYSTEM32\IPHLPAPI.DLL
0x00007ffe0b6b0000 - 0x00007ffe0b6b9000 	C:\WINDOWS\System32\NSI.dll
0x00007ffdf4770000 - 0x00007ffdf4780000 	C:\Program Files\Java\jdk-21\bin\verify.dll
0x00007ffe089f0000 - 0x00007ffe08ae8000 	C:\WINDOWS\SYSTEM32\DNSAPI.dll
0x00007ffdffe00000 - 0x00007ffdffe0a000 	C:\Windows\System32\rasadhlp.dll
0x00007ffe01dc0000 - 0x00007ffe01e43000 	C:\WINDOWS\System32\fwpuclnt.dll
0x00007ffdffa40000 - 0x00007ffdffa48000 	C:\WINDOWS\system32\wshunix.dll

dbghelp: loaded successfully - version: 4.0.5 - missing functions: none
symbol engine: initialized successfully - sym options: 0x614 - pdb path: .;C:\Program Files\Java\jdk-21\bin;C:\WINDOWS\SYSTEM32;C:\WINDOWS\WinSxS\amd64_microsoft.windows.common-controls_6595b64144ccf1df_6.0.22621.3672_none_2713b9d173822955;C:\Program Files\Java\jdk-21\bin\server;C:\Program Files\JetBrains\IntelliJ IDEA Community Edition 2023.3.3\bin

VM Arguments:
jvm_args: -javaagent:C:\Program Files\JetBrains\IntelliJ IDEA Community Edition 2023.3.3\lib\idea_rt.jar=57570:C:\Program Files\JetBrains\IntelliJ IDEA Community Edition 2023.3.3\bin -Dfile.encoding=UTF-8 -Dsun.stdout.encoding=UTF-8 -Dsun.stderr.encoding=UTF-8 
java_command: com.devsukran.rentacar.RentacarApplication
java_class_path (initial): C:\Users\sukra\java_project\rentacar\target\classes;C:\Users\sukra\.m2\repository\org\springframework\boot\spring-boot-starter-data-jpa\3.3.2\spring-boot-starter-data-jpa-3.3.2.jar;C:\Users\sukra\.m2\repository\org\springframework\boot\spring-boot-starter-aop\3.3.2\spring-boot-starter-aop-3.3.2.jar;C:\Users\sukra\.m2\repository\org\springframework\spring-aop\6.1.11\spring-aop-6.1.11.jar;C:\Users\sukra\.m2\repository\org\aspectj\aspectjweaver\1.9.22.1\aspectjweaver-1.9.22.1.jar;C:\Users\sukra\.m2\repository\org\springframework\boot\spring-boot-starter-jdbc\3.3.2\spring-boot-starter-jdbc-3.3.2.jar;C:\Users\sukra\.m2\repository\com\zaxxer\HikariCP\5.1.0\HikariCP-5.1.0.jar;C:\Users\sukra\.m2\repository\org\springframework\spring-jdbc\6.1.11\spring-jdbc-6.1.11.jar;C:\Users\sukra\.m2\repository\org\hibernate\orm\hibernate-core\6.5.2.Final\hibernate-core-6.5.2.Final.jar;C:\Users\sukra\.m2\repository\jakarta\persistence\jakarta.persistence-api\3.1.0\jakarta.persistence-api-3.1.0.jar;C:\Users\sukra\.m2\repository\jakarta\transaction\jakarta.transaction-api\2.0.1\jakarta.transaction-api-2.0.1.jar;C:\Users\sukra\.m2\repository\org\jboss\logging\jboss-logging\3.5.3.Final\jboss-logging-3.5.3.Final.jar;C:\Users\sukra\.m2\repository\org\hibernate\common\hibernate-commons-annotations\6.0.6.Final\hibernate-commons-annotations-6.0.6.Final.jar;C:\Users\sukra\.m2\repository\io\smallrye\jandex\3.1.2\jandex-3.1.2.jar;C:\Users\sukra\.m2\repository\com\fasterxml\classmate\1.7.0\classmate-1.7.0.jar;C:\Users\sukra\.m2\repository\net\bytebuddy\byte-buddy\1.14.18\byte-buddy-1.14.18.jar;C:\Users\sukra\.m2\repository\org\glassfish\jaxb\jaxb-runtime\4.0.5\jaxb-runtime-4.0.5.jar;C:\Users\sukra\.m2\repository\org\glassfish\jaxb\jaxb-core\4.0.5\jaxb-core-4.0.5.jar;C:\Users\sukra\.m2\repository\org\eclipse\angus\angus-activation\2.0.2\angus-activation-2.0.2.jar;C:\Users\sukra\.m2\repository\org\glassfish\jaxb\txw2\4.0.5\txw2-4.0.5.jar;C:\Users\sukra\.m2\repository\com\sun\istack\istack-commons-runtime\4.1.2\istack-commons-runtime-4.1.2.jar;C:\Users\sukra\.m2\repository\jakarta\inject\jakarta.inject-api\2.0.1\jakarta.inject-api-2.0.1.jar;C:\Users\sukra\.m2\repository\org\antlr\antlr4-runtime\4.13.0\antlr4-runtime-4.13.0.jar;C:\Users\sukra\.m2\repository\org\springframework\data\spring-data-jpa\3.3.2\spring-data-jpa-3.3.2.jar;C:\Users\sukra\.m2\repository\org\springframework\data\spring-data-commons\3.3.2\spring-data-commons-3.3.2.jar;C:\Users\sukra\.m2\repository\org\springframework\spring-orm\6.1.11\spring-orm-6.1.11.jar;C:\Users\sukra\.m2\repository\org\springframework\spring-context\6.1.11\spring-context-6.1.11.jar;C:\Users\sukra\.m2\repository\org\springframework\spring-tx\6.1.11\spring-tx-6.1.11.jar;C:\Users\sukra\.m2\repository\org\springframework\spring-beans\6.1.11\spring-beans-6.1.11.jar;C:\Users\sukra\.m2\repository\jakarta\annotation\jakarta.annotation-api\2.1.1\jakarta.annotation-api-2.1.1.jar;C:\Users\sukra\.m2\repository\org\slf4j\slf4j-api\2.0.13\slf4j-api-2.0.13.jar;C:\Users\sukra\.m2\repository\org\springframework\spring-aspects\6.1.11\spring-aspects-6.1.11.jar;C:\Users\sukra\.m2\repository\org\springframework\boot\spring-boot-starter-validation\3.3.2\spring-boot-starter-validation-3.3.2.jar;C:\Users\sukra\.m2\repository\org\springframework\boot\spring-boot-starter\3.3.2\spring-boot-starter-3.3.2.jar;C:\Users\sukra\.m2\repository\org\springframework\boot\spring-boot-starter-logging\3.3.2\spring-boot-starter-logging-3.3.2.jar;C:\Users\sukra\.m2\repository\ch\qos\logback\logback-classic\1.5.6\logback-classic-1.5.6.jar;C:\Users\sukra\.m2\repository\ch\qos\logback\logback-core\1.5.6\logback-core-1.5.6.jar;C:\Users\sukra\.m2\repository\org\apache\logging\log4j\log4j-to-slf4j\2.23.1\log4j-to-slf4j-2.23.1.jar;C:\Users\sukra\.m2\repository\org\apache\logging\log4j\log4j-api\2.23.1\log4j-api-2.23.1.jar;C:\Users\sukra\.m2\repository\org\slf4j\jul-to-slf4j\2.0.13\jul-to-slf4j-2.0.13.jar;C:\Users\sukra\.m2\repository\org\yaml\snakeyaml\2.2\snakeyaml-2.2.jar;C:\Users\sukra\.m2\repository\org\apache\tomcat\embed\tomcat-embed-el\10.1.26\tomcat-embed-el-10.1.26.jar;C:\Users\sukra\.m2\repository\org\hibernate\validator\hibernate-validator\8.0.1.Final\hibernate-validator-8.0.1.Final.jar;C:\Users\sukra\.m2\repository\jakarta\validation\jakarta.validation-api\3.0.2\jakarta.validation-api-3.0.2.jar;C:\Users\sukra\.m2\repository\org\springframework\boot\spring-boot-starter-web\3.3.2\spring-boot-starter-web-3.3.2.jar;C:\Users\sukra\.m2\repository\org\springframework\boot\spring-boot-starter-json\3.3.2\spring-boot-starter-json-3.3.2.jar;C:\Users\sukra\.m2\repository\com\fasterxml\jackson\core\jackson-databind\2.17.2\jackson-databind-2.17.2.jar;C:\Users\sukra\.m2\repository\com\fasterxml\jackson\core\jackson-annotations\2.17.2\jackson-annotations-2.17.2.jar;C:\Users\sukra\.m2\repository\com\fasterxml\jackson\core\jackson-core\2.17.2\jackson-core-2.17.2.jar;C:\Users\sukra\.m2\repository\com\fasterxml\jackson\datatype\jackson-datatype-jdk8\2.17.2\jackson-datatype-jdk8-2.17.2.jar;C:\Users\sukra\.m2\repository\com\fasterxml\jackson\datatype\jackson-datatype-jsr310\2.17.2\jackson-datatype-jsr310-2.17.2.jar;C:\Users\sukra\.m2\repository\com\fasterxml\jackson\module\jackson-module-parameter-names\2.17.2\jackson-module-parameter-names-2.17.2.jar;C:\Users\sukra\.m2\repository\org\springframework\boot\spring-boot-starter-tomcat\3.3.2\spring-boot-starter-tomcat-3.3.2.jar;C:\Users\sukra\.m2\repository\org\apache\tomcat\embed\tomcat-embed-core\10.1.26\tomcat-embed-core-10.1.26.jar;C:\Users\sukra\.m2\repository\org\apache\tomcat\embed\tomcat-embed-websocket\10.1.26\tomcat-embed-websocket-10.1.26.jar;C:\Users\sukra\.m2\repository\org\springframework\spring-web\6.1.11\spring-web-6.1.11.jar;C:\Users\sukra\.m2\repository\io\micrometer\micrometer-observation\1.13.2\micrometer-observation-1.13.2.jar;C:\Users\sukra\.m2\repository\io\micrometer\micrometer-commons\1.13.2\micrometer-commons-1.13.2.jar;C:\Users\sukra\.m2\repository\org\springframework\spring-webmvc\6.1.11\spring-webmvc-6.1.11.jar;C:\Users\sukra\.m2\repository\org\springframework\spring-expression\6.1.11\spring-expression-6.1.11.jar;C:\Users\sukra\.m2\repository\org\modelmapper\modelmapper\3.0.0\modelmapper-3.0.0.jar;C:\Users\sukra\.m2\repository\org\springframework\boot\spring-boot-devtools\3.3.2\spring-boot-devtools-3.3.2.jar;C:\Users\sukra\.m2\repository\org\springframework\boot\spring-boot\3.3.2\spring-boot-3.3.2.jar;C:\Users\sukra\.m2\repository\org\springframework\boot\spring-boot-autoconfigure\3.3.2\spring-boot-autoconfigure-3.3.2.jar;C:\Users\sukra\.m2\repository\org\postgresql\postgresql\42.7.3\postgresql-42.7.3.jar;C:\Users\sukra\.m2\repository\org\checkerframework\checker-qual\3.42.0\checker-qual-3.42.0.jar;C:\Users\sukra\.m2\repository\org\projectlombok\lombok\1.18.34\lombok-1.18.34.jar;C:\Users\sukra\.m2\repository\jakarta\xml\bind\jakarta.xml.bind-api\4.0.2\jakarta.xml.bind-api-4.0.2.jar;C:\Users\sukra\.m2\repository\jakarta\activation\jakarta.activation-api\2.1.3\jakarta.activation-api-2.1.3.jar;C:\Users\sukra\.m2\repository\org\springframework\spring-core\6.1.11\spring-core-6.1.11.jar;C:\Users\sukra\.m2\repository\org\springframework\spring-jcl\6.1.11\spring-jcl-6.1.11.jar;C:\Users\sukra\.m2\repository\org\springdoc\springdoc-openapi-starter-webmvc-ui\2.6.0\springdoc-openapi-starter-webmvc-ui-2.6.0.jar;C:\Users\sukra\.m2\repository\org\springdoc\springdoc-openapi-starter-webmvc-api\2.6.0\springdoc-openapi-starter-webmvc-api-2.6.0.jar;C:\Users\sukra\.m2\repository\org\springdoc\springdoc-openapi-starter-common\2.6.0\springdoc-openapi-starter-common-2.6.0.jar;C:\Users\sukra\.m2\repository\io\swagger\core\v3\swagger-core-jakarta\2.2.22\swagger-core-jakarta-2.2.22.jar;C:\Users\sukra\.m2\repository\org\apache\commons\commons-lang3\3.14.0\commons-lang3-3.14.0.jar;C:\Users\sukra\.m2\repository\io\swagger\core\v3\swagger-annotations-jakarta\2.2.22\swagger-annotations-jakarta-2.2.22.jar;C:\Users\sukra\.m2\repository\io\swagger\core\v3\swagger-models-jakarta\2.2.22\swagger-models-jakarta-2.2.22.jar;C:\Users\sukra\.m2\repository\com\fasterxml\jackson\dataformat\jackson-dataformat-yaml\2.17.2\jackson-dataformat-yaml-2.17.2.jar;C:\Users\sukra\.m2\repository\org\webjars\swagger-ui\5.17.14\swagger-ui-5.17.14.jar
Launcher Type: SUN_STANDARD

[Global flags]
     intx CICompilerCount                          = 4                                         {product} {ergonomic}
     uint ConcGCThreads                            = 2                                         {product} {ergonomic}
     uint G1ConcRefinementThreads                  = 8                                         {product} {ergonomic}
   size_t G1HeapRegionSize                         = 1048576                                   {product} {ergonomic}
    uintx GCDrainStackTargetSize                   = 64                                        {product} {ergonomic}
   size_t InitialHeapSize                          = 134217728                                 {product} {ergonomic}
   size_t MarkStackSize                            = 4194304                                   {product} {ergonomic}
   size_t MaxHeapSize                              = 2116026368                                {product} {ergonomic}
   size_t MaxNewSize                               = 1268776960                                {product} {ergonomic}
   size_t MinHeapDeltaBytes                        = 1048576                                   {product} {ergonomic}
   size_t MinHeapSize                              = 8388608                                   {product} {ergonomic}
    uintx NonNMethodCodeHeapSize                   = 5839372                                {pd product} {ergonomic}
    uintx NonProfiledCodeHeapSize                  = 122909434                              {pd product} {ergonomic}
    uintx ProfiledCodeHeapSize                     = 122909434                              {pd product} {ergonomic}
    uintx ReservedCodeCacheSize                    = 251658240                              {pd product} {ergonomic}
     bool SegmentedCodeCache                       = true                                      {product} {ergonomic}
   size_t SoftMaxHeapSize                          = 2116026368                             {manageable} {ergonomic}
     bool UseCompressedOops                        = true                           {product lp64_product} {ergonomic}
     bool UseG1GC                                  = true                                      {product} {ergonomic}
     bool UseLargePagesIndividualAllocation        = false                                  {pd product} {ergonomic}

Logging:
Log output configuration:
 #0: stdout all=warning uptime,level,tags foldmultilines=false
 #1: stderr all=off uptime,level,tags foldmultilines=false

Environment Variables:
JAVA_HOME=C:\Program Files\Java\jdk-21
PATH=C:\Program Files\Common Files\Oracle\Java\javapath;C:\WINDOWS\system32;C:\WINDOWS;C:\WINDOWS\System32\Wbem;C:\WINDOWS\System32\OpenSSH\;C:\Program Files (x86)\nodejs\;C:\Program Files\Git\bin\;C:\Program Files\Git\cmd\;C:\Program Files (x86)\Git\cmd;C:\WINDOWS\System32\Microsoft.PowerShell_profile.ps1;C:\Program Files\Java\jdk-21\bin;C:\Program Files\Docker\Docker\resources\bin;C:\Users\sukra\SYSTEM\AppData\Roaming\pgAdmin;C:\Program Files\MySQL\MySQL Shell 8.0\bin\;C:\Users\sukra\AppData\Local\Microsoft\WindowsApps;C:\Users\sukra\AppData\Local\Programs\Microsoft VS Code\bin;C:\Program Files\JetBrains\IntelliJ IDEA Community Edition 2023.3.3\bin;$HOME\Documents\PowerShell\Microsoft.PowerShell_profile.ps1;;C:\Users\sukra\AppData\Roaming\npm;C:\Users\sukra\AppData\Roaming\npm\node_modules\@angular\cli\bin;C:\Users\sukra\SYSTEM\AppData\Roaming\pgAdmin;
USERNAME=sukra
OS=Windows_NT
PROCESSOR_IDENTIFIER=Intel64 Family 6 Model 142 Stepping 12, GenuineIntel
TMP=C:\Users\sukra\AppData\Local\Temp
TEMP=C:\Users\sukra\AppData\Local\Temp




Periodic native trim disabled

---------------  S Y S T E M  ---------------

OS:
 Windows 11 , 64 bit Build 22621 (10.0.22621.3672)
OS uptime: 12 days 3:20 hours
Hyper-V role detected

CPU: total 8 (initial active 8) (4 cores per cpu, 2 threads per core) family 6 model 142 stepping 12 microcode 0xf4, cx8, cmov, fxsr, ht, mmx, 3dnowpref, sse, sse2, sse3, ssse3, sse4.1, sse4.2, popcnt, lzcnt, tsc, tscinvbit, avx, avx2, aes, erms, clmul, bmi1, bmi2, adx, fma, vzeroupper, clflush, clflushopt, hv, rdtscp, f16c
Processor Information for all 8 processors :
  Max Mhz: 1800, Current Mhz: 1600, Mhz Limit: 1584

Memory: 4k page, system-wide physical 8070M (351M free)
TotalPageFile size 23090M (AvailPageFile size 0M)
current process WorkingSet (physical memory assigned to process): 219M, peak: 262M
current process commit charge ("private bytes"): 264M, peak: 299M

vm_info: Java HotSpot(TM) 64-Bit Server VM (21.0.2+13-LTS-58) for windows-amd64 JRE (21.0.2+13-LTS-58), built on 2024-01-05T18:32:24Z by "mach5one" with MS VC++ 17.1 (VS2022)

END.
